<?xml version="1.0" encoding="UTF-8"?>
<!-- Generated by org.testng.reporters.JUnitReportReporter -->
<testsuite skipped="0" hostname="DESKTOP-N60QB27" name="tests.Test2" tests="1" failures="0" timestamp="2022-12-28T08:27:20 IST" time="23.278" errors="0">
  <testcase name="launchTest" time="23.278" classname="tests.Test2"/>
</testsuite> <!-- tests.Test2 -->
