<?xml version="1.0" encoding="UTF-8"?>
<!-- Generated by org.testng.reporters.JUnitReportReporter -->
<testsuite skipped="0" hostname="DESKTOP-N60QB27" name="tests.launchTest" tests="1" failures="0" timestamp="2022-12-28T08:00:26 IST" time="48.918" errors="0">
  <testcase name="launchTest" time="48.918" classname="tests.launchTest"/>
</testsuite> <!-- tests.launchTest -->
