<?xml version="1.0" encoding="UTF-8"?>
<!-- Generated by org.testng.reporters.JUnitReportReporter -->
<testsuite skipped="0" hostname="DESKTOP-N60QB27" name="tests.Test5" tests="1" failures="0" timestamp="2022-12-28T08:27:20 IST" time="17.318" errors="0">
  <testcase name="launchTest" time="17.318" classname="tests.Test5"/>
</testsuite> <!-- tests.Test5 -->
