<?xml version="1.0" encoding="UTF-8"?>
<!-- Generated by org.testng.reporters.JUnitReportReporter -->
<testsuite skipped="0" hostname="DESKTOP-N60QB27" name="tests.Test6" tests="1" failures="0" timestamp="2022-12-28T08:27:20 IST" time="19.406" errors="0">
  <testcase name="launchTest" time="19.406" classname="tests.Test6"/>
</testsuite> <!-- tests.Test6 -->
